<?xml version="1.0" encoding="UTF-8"?>
<testsuites name="jest tests" tests="4" failures="0" time="3.527">
  <testsuite name="Platform login service test" errors="0" failures="0" skipped="0" timestamp="2020-11-18T15:57:04" time="2.272" tests="4">
    <testcase classname="Platform login service test Returns true on successful login" name="Platform login service test Returns true on successful login" time="0.007">
    </testcase>
    <testcase classname="Platform login service test Logs if successful login" name="Platform login service test Logs if successful login" time="0.002">
    </testcase>
    <testcase classname="Platform login service test Stores tenant, token and email to LocalStorage if successful login" name="Platform login service test Stores tenant, token and email to LocalStorage if successful login" time="0.002">
    </testcase>
    <testcase classname="Platform login service test Logs and returns false if unsuccessful login" name="Platform login service test Logs and returns false if unsuccessful login" time="0.002">
    </testcase>
  </testsuite>
</testsuites>